e:\project\soft20091-sdi\build\x64\debug\qapp.obj
e:\project\soft20091-sdi\build\x64\debug\main.obj
e:\project\soft20091-sdi\build\x64\debug\vc142.pdb
e:\project\soft20091-sdi\build\x64\debug\moc_source2.obj
e:\project\soft20091-sdi\build\x64\debug\treeview.obj
e:\project\soft20091-sdi\build\x64\debug\treeviewwidget.obj
e:\project\soft20091-sdi\build\x64\debug\connectionhandlerfactory.obj
e:\project\soft20091-sdi\build\x64\debug\connectioninterface.obj
e:\project\soft20091-sdi\build\x64\debug\moc_qapp.obj
e:\project\soft20091-sdi\build\x64\debug\moc_treeview.obj
e:\project\soft20091-sdi\build\x64\debug\moc_connectioninterface.obj
c:\users\n0755546\projects\soft20091-sdi\build\x64\debug\main.obj
c:\users\n0755546\projects\soft20091-sdi\build\x64\debug\qapp.obj
e:\project\soft20091-sdi\build\x64\debug\qtconsoleapplication3.exe
e:\project\soft20091-sdi\build\x64\debug\qtconsoleapplication3.ilk
e:\project\soft20091-sdi\build\x64\debug\qtconsoleapplication3.pdb
c:\users\n0755546\projects\soft20091-sdi\build\x64\debug\\moc\moc_qapp.cpp
e:\project\soft20091-sdi\build\x64\debug\moc\src\moc_main.cpp
e:\project\soft20091-sdi\build\x64\debug\moc\src\moc_source2.cpp
e:\project\soft20091-sdi\build\x64\debug\moc\moc_qapp.cpp
e:\project\soft20091-sdi\build\x64\debug\moc\moc_source2.cpp
e:\project\soft20091-sdi\build\x64\debug\moc\moc_treeview.cpp
e:\project\soft20091-sdi\build\x64\debug\moc\moc_connectioninterface.cpp
c:\users\n0755546\projects\soft20091-sdi\build\x64\debug\moc\moc_qapp.cpp
c:\users\n0755546\projects\soft20091-sdi\build\x64\debug\connectionhandlerfactory.obj
c:\users\n0755546\projects\soft20091-sdi\build\x64\debug\connectioninterface.obj
c:\users\n0755546\projects\soft20091-sdi\build\x64\debug\moc_connectioninterface.obj
c:\users\n0755546\projects\soft20091-sdi\build\x64\debug\moc_source2.obj
c:\users\n0755546\projects\soft20091-sdi\build\x64\debug\moc_treeview.obj
c:\users\n0755546\projects\soft20091-sdi\build\x64\debug\treeview.obj
c:\users\n0755546\projects\soft20091-sdi\build\x64\debug\treeviewwidget.obj
c:\users\n0755546\projects\soft20091-sdi\build\x64\debug\qtconsoleapplication3.ilk
c:\users\n0755546\projects\soft20091-sdi\build\x64\debug\qtconsoleapplication3.pdb
c:\users\n0755546\projects\soft20091-sdi\build\x64\debug\vc142.pdb
c:\users\n0755546\projects\soft20091-sdi\build\x64\debug\qtconsoleapplication3.exe
c:\users\n0755546\projects\soft20091-sdi\build\x64\debug\qtconsol.939cefa8.tlog\cl.command.1.tlog
c:\users\n0755546\projects\soft20091-sdi\build\x64\debug\qtconsol.939cefa8.tlog\cl.read.1.tlog
c:\users\n0755546\projects\soft20091-sdi\build\x64\debug\qtconsol.939cefa8.tlog\cl.write.1.tlog
c:\users\n0755546\projects\soft20091-sdi\build\x64\debug\qtconsol.939cefa8.tlog\link.10540.delete.1.tlog
c:\users\n0755546\projects\soft20091-sdi\build\x64\debug\qtconsol.939cefa8.tlog\link.10696.delete.1.tlog
c:\users\n0755546\projects\soft20091-sdi\build\x64\debug\qtconsol.939cefa8.tlog\link.11556.delete.1.tlog
c:\users\n0755546\projects\soft20091-sdi\build\x64\debug\qtconsol.939cefa8.tlog\link.11616.delete.1.tlog
c:\users\n0755546\projects\soft20091-sdi\build\x64\debug\qtconsol.939cefa8.tlog\link.1208.delete.1.tlog
c:\users\n0755546\projects\soft20091-sdi\build\x64\debug\qtconsol.939cefa8.tlog\link.12312.delete.1.tlog
c:\users\n0755546\projects\soft20091-sdi\build\x64\debug\qtconsol.939cefa8.tlog\link.12368.delete.1.tlog
c:\users\n0755546\projects\soft20091-sdi\build\x64\debug\qtconsol.939cefa8.tlog\link.13388.delete.1.tlog
c:\users\n0755546\projects\soft20091-sdi\build\x64\debug\qtconsol.939cefa8.tlog\link.13636.delete.1.tlog
c:\users\n0755546\projects\soft20091-sdi\build\x64\debug\qtconsol.939cefa8.tlog\link.14256.delete.1.tlog
c:\users\n0755546\projects\soft20091-sdi\build\x64\debug\qtconsol.939cefa8.tlog\link.2872.delete.1.tlog
c:\users\n0755546\projects\soft20091-sdi\build\x64\debug\qtconsol.939cefa8.tlog\link.3376.delete.1.tlog
c:\users\n0755546\projects\soft20091-sdi\build\x64\debug\qtconsol.939cefa8.tlog\link.3700.delete.1.tlog
c:\users\n0755546\projects\soft20091-sdi\build\x64\debug\qtconsol.939cefa8.tlog\link.3792.delete.1.tlog
c:\users\n0755546\projects\soft20091-sdi\build\x64\debug\qtconsol.939cefa8.tlog\link.4176.delete.1.tlog
c:\users\n0755546\projects\soft20091-sdi\build\x64\debug\qtconsol.939cefa8.tlog\link.4204.delete.1.tlog
c:\users\n0755546\projects\soft20091-sdi\build\x64\debug\qtconsol.939cefa8.tlog\link.4220.delete.1.tlog
c:\users\n0755546\projects\soft20091-sdi\build\x64\debug\qtconsol.939cefa8.tlog\link.4620.delete.1.tlog
c:\users\n0755546\projects\soft20091-sdi\build\x64\debug\qtconsol.939cefa8.tlog\link.4948.delete.1.tlog
c:\users\n0755546\projects\soft20091-sdi\build\x64\debug\qtconsol.939cefa8.tlog\link.5328.delete.1.tlog
c:\users\n0755546\projects\soft20091-sdi\build\x64\debug\qtconsol.939cefa8.tlog\link.5348.delete.1.tlog
c:\users\n0755546\projects\soft20091-sdi\build\x64\debug\qtconsol.939cefa8.tlog\link.6592.delete.1.tlog
c:\users\n0755546\projects\soft20091-sdi\build\x64\debug\qtconsol.939cefa8.tlog\link.6980.delete.1.tlog
c:\users\n0755546\projects\soft20091-sdi\build\x64\debug\qtconsol.939cefa8.tlog\link.7620.delete.1.tlog
c:\users\n0755546\projects\soft20091-sdi\build\x64\debug\qtconsol.939cefa8.tlog\link.8108.delete.1.tlog
c:\users\n0755546\projects\soft20091-sdi\build\x64\debug\qtconsol.939cefa8.tlog\link.8420.delete.1.tlog
c:\users\n0755546\projects\soft20091-sdi\build\x64\debug\qtconsol.939cefa8.tlog\link.8616.delete.1.tlog
c:\users\n0755546\projects\soft20091-sdi\build\x64\debug\qtconsol.939cefa8.tlog\link.9148.delete.1.tlog
c:\users\n0755546\projects\soft20091-sdi\build\x64\debug\qtconsol.939cefa8.tlog\link.9388.delete.1.tlog
c:\users\n0755546\projects\soft20091-sdi\build\x64\debug\qtconsol.939cefa8.tlog\link.9564.delete.1.tlog
c:\users\n0755546\projects\soft20091-sdi\build\x64\debug\qtconsol.939cefa8.tlog\link.9804.delete.1.tlog
c:\users\n0755546\projects\soft20091-sdi\build\x64\debug\qtconsol.939cefa8.tlog\link.command.1.tlog
c:\users\n0755546\projects\soft20091-sdi\build\x64\debug\qtconsol.939cefa8.tlog\link.delete.1.tlog
c:\users\n0755546\projects\soft20091-sdi\build\x64\debug\qtconsol.939cefa8.tlog\link.read.1.tlog
c:\users\n0755546\projects\soft20091-sdi\build\x64\debug\qtconsol.939cefa8.tlog\link.write.1.tlog
c:\users\n0755546\projects\soft20091-sdi\build\x64\debug\qtconsol.939cefa8.tlog\moc.read.1u.tlog
c:\users\n0755546\projects\soft20091-sdi\build\x64\debug\qtconsol.939cefa8.tlog\moc.write.1u.tlog
c:\users\n0755546\projects\soft20091-sdi\build\x64\debug\qtconsol.939cefa8.tlog\qtconsoleapplication3.write.1u.tlog
